<?xml version="1.0" encoding="UTF-8"?>
<testng-results skipped="0" failed="1" total="2" passed="1">
  <reporter-output>
  </reporter-output>
  <suite name="Default suite" duration-ms="1915" started-at="2018-03-05T07:05:26Z" finished-at="2018-03-05T07:05:28Z">
    <groups>
    </groups>
    <test name="Default test" duration-ms="1915" started-at="2018-03-05T07:05:26Z" finished-at="2018-03-05T07:05:28Z">
      <class name="Extentreportssample">
        <test-method status="PASS" signature="startreport()[pri:0, instance:Extentreportssample@653222]" name="startreport" is-config="true" duration-ms="845" started-at="2018-03-05T12:35:26Z" finished-at="2018-03-05T12:35:27Z">
          <reporter-output>
          </reporter-output>
        </test-method> <!-- startreport -->
        <test-method status="FAIL" signature="demoreportfail()[pri:0, instance:Extentreportssample@653222]" name="demoreportfail" duration-ms="26" started-at="2018-03-05T12:35:27Z" finished-at="2018-03-05T12:35:27Z">
          <exception class="java.lang.AssertionError">
            <message>
              <![CDATA[expected [true] but found [false]]]>
            </message>
            <full-stacktrace>
              <![CDATA[java.lang.AssertionError: expected [true] but found [false]
	at org.testng.Assert.fail(Assert.java:94)
	at org.testng.Assert.failNotEquals(Assert.java:496)
	at org.testng.Assert.assertTrue(Assert.java:42)
	at org.testng.Assert.assertTrue(Assert.java:52)
	at Extentreportssample.demoreportfail(Extentreportssample.java:43)
	at sun.reflect.NativeMethodAccessorImpl.invoke0(Native Method)
	at sun.reflect.NativeMethodAccessorImpl.invoke(Unknown Source)
	at sun.reflect.DelegatingMethodAccessorImpl.invoke(Unknown Source)
	at java.lang.reflect.Method.invoke(Unknown Source)
	at org.testng.internal.MethodInvocationHelper.invokeMethod(MethodInvocationHelper.java:85)
	at org.testng.internal.Invoker.invokeMethod(Invoker.java:639)
	at org.testng.internal.Invoker.invokeTestMethod(Invoker.java:816)
	at org.testng.internal.Invoker.invokeTestMethods(Invoker.java:1124)
	at org.testng.internal.TestMethodWorker.invokeTestMethods(TestMethodWorker.java:125)
	at org.testng.internal.TestMethodWorker.run(TestMethodWorker.java:108)
	at org.testng.TestRunner.privateRun(TestRunner.java:774)
	at org.testng.TestRunner.run(TestRunner.java:624)
	at org.testng.SuiteRunner.runTest(SuiteRunner.java:359)
	at org.testng.SuiteRunner.runSequentially(SuiteRunner.java:354)
	at org.testng.SuiteRunner.privateRun(SuiteRunner.java:312)
	at org.testng.SuiteRunner.run(SuiteRunner.java:261)
	at org.testng.SuiteRunnerWorker.runSuite(SuiteRunnerWorker.java:52)
	at org.testng.SuiteRunnerWorker.run(SuiteRunnerWorker.java:86)
	at org.testng.TestNG.runSuitesSequentially(TestNG.java:1215)
	at org.testng.TestNG.runSuitesLocally(TestNG.java:1140)
	at org.testng.TestNG.run(TestNG.java:1048)
	at org.testng.remote.AbstractRemoteTestNG.run(AbstractRemoteTestNG.java:114)
	at org.testng.remote.RemoteTestNG.initAndRun(RemoteTestNG.java:251)
	at org.testng.remote.RemoteTestNG.main(RemoteTestNG.java:77)
]]>
            </full-stacktrace>
          </exception> <!-- java.lang.AssertionError -->
          <reporter-output>
          </reporter-output>
        </test-method> <!-- demoreportfail -->
        <test-method status="PASS" signature="getresult(org.testng.ITestResult)[pri:0, instance:Extentreportssample@653222]" name="getresult" is-config="true" duration-ms="13" started-at="2018-03-05T12:35:27Z" finished-at="2018-03-05T12:35:27Z">
          <params>
            <param index="0">
              <value>
                <![CDATA[[TestResult name=demoreportfail status=FAILURE method=Extentreportssample.demoreportfail()[pri:0, instance:Extentreportssample@653222] output={null}]]]>
              </value>
            </param>
          </params>
          <reporter-output>
          </reporter-output>
        </test-method> <!-- getresult -->
        <test-method status="PASS" signature="demoreportpass()[pri:0, instance:Extentreportssample@653222]" name="demoreportpass" duration-ms="4" started-at="2018-03-05T12:35:27Z" finished-at="2018-03-05T12:35:27Z">
          <reporter-output>
          </reporter-output>
        </test-method> <!-- demoreportpass -->
        <test-method status="PASS" signature="getresult(org.testng.ITestResult)[pri:0, instance:Extentreportssample@653222]" name="getresult" is-config="true" duration-ms="0" started-at="2018-03-05T12:35:27Z" finished-at="2018-03-05T12:35:27Z">
          <params>
            <param index="0">
              <value>
                <![CDATA[[TestResult name=demoreportpass status=SUCCESS method=Extentreportssample.demoreportpass()[pri:0, instance:Extentreportssample@653222] output={null}]]]>
              </value>
            </param>
          </params>
          <reporter-output>
          </reporter-output>
        </test-method> <!-- getresult -->
        <test-method status="PASS" signature="endreport()[pri:0, instance:Extentreportssample@653222]" name="endreport" is-config="true" duration-ms="960" started-at="2018-03-05T12:35:27Z" finished-at="2018-03-05T12:35:28Z">
          <reporter-output>
          </reporter-output>
        </test-method> <!-- endreport -->
      </class> <!-- Extentreportssample -->
    </test> <!-- Default test -->
  </suite> <!-- Default suite -->
</testng-results>
